<?xml version="1.0" encoding="UTF-8"?>
<testsuite name="com.example.torchatv2.architecture.ArchitectureTest" tests="4" skipped="0" failures="0" errors="0" timestamp="2026-08-28T21:43:38.277Z" hostname="LX15PRO" time="6.095">
  <properties/>
  <testcase name="cryptoShouldNotAccessTransport" classname="com.example.torchatv2.architecture.ArchitectureTest" time="2.734"/>
  <testcase name="presentationShouldNotAccessCryptoDirectly" classname="com.example.torchatv2.architecture.ArchitectureTest" time="1.365"/>
  <testcase name="presentationShouldNotAccessRatchetDirectly" classname="com.example.torchatv2.architecture.ArchitectureTest" time="1.118"/>
  <testcase name="domainShouldNotAccessAndroidFramework" classname="com.example.torchatv2.architecture.ArchitectureTest" time="0.862"/>
  <system-out><![CDATA[]]></system-out>
  <system-err><![CDATA[SLF4J: No SLF4J providers were found.
SLF4J: Defaulting to no-operation (NOP) logger implementation
SLF4J: See https://www.slf4j.org/codes.html#noProviders for further details.
]]></system-err>
</testsuite>
